<?xml version="1.0" encoding="UTF-8"?>
<!-- Generated by org.testng.reporters.JUnitReportReporter -->
<testsuite skipped="0" hostname="ASDW0129" name="Jenkins.GooglePage.Google" tests="1" failures="0" timestamp="2020-03-04T11:12:51 IST" time="13.146" errors="0">
  <testcase name="TC1" time="13.146" classname="Jenkins.GooglePage.Google"/>
</testsuite> <!-- Jenkins.GooglePage.Google -->
