<?xml version="1.0" encoding="UTF-8"?>
<!-- Generated by org.testng.reporters.JUnitReportReporter -->
<testsuite hostname="ASDW0129" name="Jenkins.GooglePage.Google" tests="1" failures="0" timestamp="4 Mar 2020 05:57:10 GMT" time="13.921" errors="0">
  <testcase name="TC1" time="13.921" classname="Jenkins.GooglePage.Google"/>
</testsuite> <!-- Jenkins.GooglePage.Google -->
